<?xml version="1.0" encoding="UTF-8"?>
<!-- Generated by org.testng.reporters.JUnitReportReporter -->
<testsuite hostname="DESKTOP-9EH3KUP" failures="0" tests="1" name="Testcases.TCSort" time="57.416" errors="0" timestamp="2022-05-26T16:31:10 IST" skipped="0">
  <testcase classname="Testcases.TCSort" name="SortByName" time="57.416"/>
  <system-out/>
</testsuite> <!-- Testcases.TCSort -->
