<?xml version="1.0" encoding="UTF-8"?>
<!-- Generated by org.testng.reporters.JUnitReportReporter -->
<testsuite hostname="DESKTOP-9EH3KUP" failures="0" tests="1" name="TestCase.TCMobile" time="57.031" errors="0" timestamp="2022-06-03T23:16:56 IST" skipped="0">
  <testcase classname="TestCase.TCMobile" name="MobileData" time="57.031"/>
  <system-out/>
</testsuite> <!-- TestCase.TCMobile -->
