<?xml version="1.0" encoding="UTF-8"?>
<!-- Generated by org.testng.reporters.JUnitReportReporter -->
<testsuite hostname="DESKTOP-9EH3KUP" failures="0" tests="1" name="TestCase.TCSortByName" time="53.003" errors="0" timestamp="2022-05-30T18:18:32 IST" skipped="0">
  <testcase classname="TestCase.TCSortByName" name="SortByName" time="53.003"/>
  <system-out/>
</testsuite> <!-- TestCase.TCSortByName -->
