<?xml version="1.0" encoding="UTF-8"?>
<!-- Generated by org.testng.reporters.JUnitReportReporter -->
<testsuite hostname="DESKTOP-9EH3KUP" failures="0" tests="1" name="TestCase.TCCompareMobiles" time="14.495" errors="0" timestamp="2022-06-03T23:16:56 IST" skipped="0">
  <testcase classname="TestCase.TCCompareMobiles" name="compare" time="14.495"/>
  <system-out/>
</testsuite> <!-- TestCase.TCCompareMobiles -->
