<?xml version="1.0" encoding="UTF-8"?>
<!-- Generated by org.testng.reporters.JUnitReportReporter -->
<testsuite hostname="DESKTOP-9EH3KUP" failures="0" tests="1" name="TestCase.sample" time="0.020" errors="0" timestamp="2022-06-01T16:44:26 IST" skipped="0">
  <testcase classname="TestCase.sample" name="compare" time="0.020"/>
  <system-out/>
</testsuite> <!-- TestCase.sample -->
