<?xml version="1.0" encoding="UTF-8"?>
<!-- Generated by org.testng.reporters.JUnitReportReporter -->
<testsuite hostname="DESKTOP-9EH3KUP" failures="0" tests="1" name="TestCase.CompareMobileTest" time="24.198" errors="0" timestamp="2022-06-27T20:08:51 IST" skipped="0">
  <testcase classname="TestCase.CompareMobileTest" name="compare" time="24.198"/>
  <system-out/>
</testsuite> <!-- TestCase.CompareMobileTest -->
