<?xml version="1.0" encoding="UTF-8"?>
<!-- Generated by org.testng.reporters.JUnitReportReporter -->
<testsuite hostname="DESKTOP-9EH3KUP" failures="0" tests="1" name="TestCase.CompareMobileTest" time="51.037" errors="0" timestamp="2022-06-09T17:49:07 IST" skipped="0">
  <testcase classname="TestCase.CompareMobileTest" name="compare" time="51.037"/>
  <system-out/>
</testsuite> <!-- TestCase.CompareMobileTest -->
