<?xml version="1.0" encoding="UTF-8"?>
<!-- Generated by org.testng.reporters.JUnitReportReporter -->
<testsuite hostname="DESKTOP-9EH3KUP" failures="0" tests="1" name="TestCase.TCMobileTest" time="61.398" errors="0" timestamp="2022-06-09T17:49:07 IST" skipped="0">
  <testcase classname="TestCase.TCMobileTest" name="MobileData" time="61.398"/>
  <system-out/>
</testsuite> <!-- TestCase.TCMobileTest -->
