<?xml version="1.0" encoding="UTF-8"?>
<!-- Generated by org.testng.reporters.JUnitReportReporter -->
<testsuite hostname="DESKTOP-9EH3KUP" failures="0" tests="2" name="TestCase.RegisterTest" time="74.732" errors="0" timestamp="2022-07-29T12:03:39 IST" skipped="1">
  <testcase classname="TestCase.RegisterTest" name="addToWishList" time="74.732"/>
  <system-out/>
  <testcase classname="TestCase.RegisterTest" name="register">
    <skipped/>
  </testcase> <!-- register -->
  <system-out/>
</testsuite> <!-- TestCase.RegisterTest -->
